\BOOKMARK [0][-]{chapter.1}{Connectivity}{}% 1
\BOOKMARK [1][-]{section.1.1}{Basic\040Graph\040Terminology}{chapter.1}% 2
\BOOKMARK [1][-]{section.1.2}{Edge\040Connectivity}{chapter.1}% 3
\BOOKMARK [1][-]{section.1.3}{Vertex\040Connectivity}{chapter.1}% 4
\BOOKMARK [1][-]{section.1.4}{Menger's\040Theorem}{chapter.1}% 5
\BOOKMARK [1][-]{section.1.5}{2-connected\040Graphs}{chapter.1}% 6
\BOOKMARK [1][-]{section.1.6}{Blocks}{chapter.1}% 7
\BOOKMARK [1][-]{section.1.7}{Strong\040Orientation}{chapter.1}% 8
\BOOKMARK [1][-]{section.1.8}{3-connected\040Graphs}{chapter.1}% 9
\BOOKMARK [0][-]{chapter.2}{Introductory\040Algebraic\040Graph\040Theory}{}% 10
\BOOKMARK [1][-]{section.2.1}{Edge\040Spaces}{chapter.2}% 11
\BOOKMARK [0][-]{chapter.3}{Planar\040Graphs}{}% 12
\BOOKMARK [1][-]{section.3.1}{Planar\040Graphs}{chapter.3}% 13
\BOOKMARK [1][-]{section.3.2}{Faces}{chapter.3}% 14
\BOOKMARK [1][-]{section.3.3}{Bridges}{chapter.3}% 15
\BOOKMARK [1][-]{section.3.4}{Kuratowski's\040Theorem}{chapter.3}% 16
\BOOKMARK [1][-]{section.3.5}{Wagner's\040Theorem}{chapter.3}% 17
\BOOKMARK [1][-]{section.3.6}{MacLane's\040Theorem}{chapter.3}% 18
\BOOKMARK [1][-]{section.3.7}{Dual\040Graphs}{chapter.3}% 19
\BOOKMARK [0][-]{chapter.4}{Matchings}{}% 20
\BOOKMARK [1][-]{section.4.1}{Matchings}{chapter.4}% 21
\BOOKMARK [1][-]{section.4.2}{Tutte's\040Theorem}{chapter.4}% 22
\BOOKMARK [1][-]{section.4.3}{Corollaries\040of\040Tutte's\040Theorem}{chapter.4}% 23
\BOOKMARK [1][-]{section.4.4}{Factor-critical\040Graphs}{chapter.4}% 24
\BOOKMARK [1][-]{section.4.5}{Gallai-Edmonds\040Structure\040Theorem}{chapter.4}% 25
